2015-12-16 16:29:14,219 - [INFO] - from play in pool-4-thread-1 
Listening for HTTP on /0:0:0:0:0:0:0:0:9000

2015-12-16 16:29:20,506 - [ERROR] - from application in New I/O worker #1 


! @6oehjp3lp - Internal server error, for (GET) [/] ->

play.PlayExceptions$CompilationException: Compilation error[No Json serializer found for type ((String, String), (String, String)). Try to implement an implicit Writes or Format for this type.]
	at play.PlayExceptions$CompilationException$.apply(PlayExceptions.scala:27) ~[na:na]
	at play.PlayExceptions$CompilationException$.apply(PlayExceptions.scala:27) ~[na:na]
	at scala.Option.map(Option.scala:145) ~[scala-library.jar:na]
	at play.PlayReloader$$anon$1$$anonfun$play$PlayReloader$$anon$$taskFailureHandler$1.apply(PlayReloader.scala:235) ~[na:na]
	at play.PlayReloader$$anon$1$$anonfun$play$PlayReloader$$anon$$taskFailureHandler$1.apply(PlayReloader.scala:230) ~[na:na]
	at scala.Option.map(Option.scala:145) ~[scala-library.jar:na]
	at play.PlayReloader$$anon$1.play$PlayReloader$$anon$$taskFailureHandler(PlayReloader.scala:230) ~[na:na]
	at play.PlayReloader$$anon$1$$anonfun$reload$2.apply(PlayReloader.scala:90) ~[na:na]
	at play.PlayReloader$$anon$1$$anonfun$reload$2.apply(PlayReloader.scala:90) ~[na:na]
	at scala.util.Either$LeftProjection.map(Either.scala:377) ~[scala-library.jar:na]
	at play.PlayReloader$$anon$1.reload(PlayReloader.scala:90) ~[na:na]
	at play.core.ReloadableApplication$$anonfun$get$1.apply(ApplicationProvider.scala:122) ~[play_2.10-2.3.7.jar:2.3.7]
	at play.core.ReloadableApplication$$anonfun$get$1.apply(ApplicationProvider.scala:120) ~[play_2.10-2.3.7.jar:2.3.7]
	at scala.concurrent.impl.Future$PromiseCompletingRunnable.liftedTree1$1(Future.scala:24) ~[scala-library.jar:na]
	at scala.concurrent.impl.Future$PromiseCompletingRunnable.run(Future.scala:24) ~[scala-library.jar:na]
	at scala.concurrent.forkjoin.ForkJoinTask$AdaptedRunnableAction.exec(ForkJoinTask.java:1361) ~[scala-library.jar:na]
	at scala.concurrent.forkjoin.ForkJoinTask.doExec(ForkJoinTask.java:260) ~[scala-library.jar:na]
	at scala.concurrent.forkjoin.ForkJoinPool$WorkQueue.runTask(ForkJoinPool.java:1339) ~[scala-library.jar:na]
	at scala.concurrent.forkjoin.ForkJoinPool.runWorker(ForkJoinPool.java:1979) ~[scala-library.jar:na]
	at scala.concurrent.forkjoin.ForkJoinWorkerThread.run(ForkJoinWorkerThread.java:107) ~[scala-library.jar:na]

2015-12-16 16:29:20,636 - [WARN] - from play in New I/O worker #1 
No application found at invoker init

2015-12-16 16:30:24,952 - [ERROR] - from application in New I/O worker #1 


! @6oehk2l5g - Internal server error, for (GET) [/] ->

play.PlayExceptions$CompilationException: Compilation error[No Json serializer found for type (String, String). Try to implement an implicit Writes or Format for this type.]
	at play.PlayExceptions$CompilationException$.apply(PlayExceptions.scala:27) ~[na:na]
	at play.PlayExceptions$CompilationException$.apply(PlayExceptions.scala:27) ~[na:na]
	at scala.Option.map(Option.scala:145) ~[scala-library.jar:na]
	at play.PlayReloader$$anon$1$$anonfun$play$PlayReloader$$anon$$taskFailureHandler$1.apply(PlayReloader.scala:235) ~[na:na]
	at play.PlayReloader$$anon$1$$anonfun$play$PlayReloader$$anon$$taskFailureHandler$1.apply(PlayReloader.scala:230) ~[na:na]
	at scala.Option.map(Option.scala:145) ~[scala-library.jar:na]
	at play.PlayReloader$$anon$1.play$PlayReloader$$anon$$taskFailureHandler(PlayReloader.scala:230) ~[na:na]
	at play.PlayReloader$$anon$1$$anonfun$reload$2.apply(PlayReloader.scala:90) ~[na:na]
	at play.PlayReloader$$anon$1$$anonfun$reload$2.apply(PlayReloader.scala:90) ~[na:na]
	at scala.util.Either$LeftProjection.map(Either.scala:377) ~[scala-library.jar:na]
	at play.PlayReloader$$anon$1.reload(PlayReloader.scala:90) ~[na:na]
	at play.core.ReloadableApplication$$anonfun$get$1.apply(ApplicationProvider.scala:122) ~[play_2.10-2.3.7.jar:2.3.7]
	at play.core.ReloadableApplication$$anonfun$get$1.apply(ApplicationProvider.scala:120) ~[play_2.10-2.3.7.jar:2.3.7]
	at scala.concurrent.impl.Future$PromiseCompletingRunnable.liftedTree1$1(Future.scala:24) ~[scala-library.jar:na]
	at scala.concurrent.impl.Future$PromiseCompletingRunnable.run(Future.scala:24) ~[scala-library.jar:na]
	at scala.concurrent.forkjoin.ForkJoinTask$AdaptedRunnableAction.exec(ForkJoinTask.java:1361) ~[scala-library.jar:na]
	at scala.concurrent.forkjoin.ForkJoinTask.doExec(ForkJoinTask.java:260) ~[scala-library.jar:na]
	at scala.concurrent.forkjoin.ForkJoinPool$WorkQueue.runTask(ForkJoinPool.java:1339) ~[scala-library.jar:na]
	at scala.concurrent.forkjoin.ForkJoinPool.runWorker(ForkJoinPool.java:1979) ~[scala-library.jar:na]
	at scala.concurrent.forkjoin.ForkJoinWorkerThread.run(ForkJoinWorkerThread.java:107) ~[scala-library.jar:na]

2015-12-16 16:32:15,335 - [ERROR] - from application in New I/O worker #1 


! @6oehk92d3 - Internal server error, for (GET) [/] ->

play.PlayExceptions$CompilationException: Compilation error[No Json serializer found for type (String, String). Try to implement an implicit Writes or Format for this type.]
	at play.PlayExceptions$CompilationException$.apply(PlayExceptions.scala:27) ~[na:na]
	at play.PlayExceptions$CompilationException$.apply(PlayExceptions.scala:27) ~[na:na]
	at scala.Option.map(Option.scala:145) ~[scala-library.jar:na]
	at play.PlayReloader$$anon$1$$anonfun$play$PlayReloader$$anon$$taskFailureHandler$1.apply(PlayReloader.scala:235) ~[na:na]
	at play.PlayReloader$$anon$1$$anonfun$play$PlayReloader$$anon$$taskFailureHandler$1.apply(PlayReloader.scala:230) ~[na:na]
	at scala.Option.map(Option.scala:145) ~[scala-library.jar:na]
	at play.PlayReloader$$anon$1.play$PlayReloader$$anon$$taskFailureHandler(PlayReloader.scala:230) ~[na:na]
	at play.PlayReloader$$anon$1$$anonfun$reload$2.apply(PlayReloader.scala:90) ~[na:na]
	at play.PlayReloader$$anon$1$$anonfun$reload$2.apply(PlayReloader.scala:90) ~[na:na]
	at scala.util.Either$LeftProjection.map(Either.scala:377) ~[scala-library.jar:na]
	at play.PlayReloader$$anon$1.reload(PlayReloader.scala:90) ~[na:na]
	at play.core.ReloadableApplication$$anonfun$get$1.apply(ApplicationProvider.scala:122) ~[play_2.10-2.3.7.jar:2.3.7]
	at play.core.ReloadableApplication$$anonfun$get$1.apply(ApplicationProvider.scala:120) ~[play_2.10-2.3.7.jar:2.3.7]
	at scala.concurrent.impl.Future$PromiseCompletingRunnable.liftedTree1$1(Future.scala:24) ~[scala-library.jar:na]
	at scala.concurrent.impl.Future$PromiseCompletingRunnable.run(Future.scala:24) ~[scala-library.jar:na]
	at scala.concurrent.forkjoin.ForkJoinTask$AdaptedRunnableAction.exec(ForkJoinTask.java:1361) ~[scala-library.jar:na]
	at scala.concurrent.forkjoin.ForkJoinTask.doExec(ForkJoinTask.java:260) ~[scala-library.jar:na]
	at scala.concurrent.forkjoin.ForkJoinPool$WorkQueue.runTask(ForkJoinPool.java:1339) ~[scala-library.jar:na]
	at scala.concurrent.forkjoin.ForkJoinPool.runWorker(ForkJoinPool.java:1979) ~[scala-library.jar:na]
	at scala.concurrent.forkjoin.ForkJoinWorkerThread.run(ForkJoinWorkerThread.java:107) ~[scala-library.jar:na]

2015-12-16 16:32:19,177 - [ERROR] - from application in New I/O worker #1 


! @6oehk984n - Internal server error, for (GET) [/] ->

play.PlayExceptions$CompilationException: Compilation error[No Json serializer found for type (String, String). Try to implement an implicit Writes or Format for this type.]
	at play.PlayExceptions$CompilationException$.apply(PlayExceptions.scala:27) ~[na:na]
	at play.PlayExceptions$CompilationException$.apply(PlayExceptions.scala:27) ~[na:na]
	at scala.Option.map(Option.scala:145) ~[scala-library.jar:na]
	at play.PlayReloader$$anon$1$$anonfun$play$PlayReloader$$anon$$taskFailureHandler$1.apply(PlayReloader.scala:235) ~[na:na]
	at play.PlayReloader$$anon$1$$anonfun$play$PlayReloader$$anon$$taskFailureHandler$1.apply(PlayReloader.scala:230) ~[na:na]
	at scala.Option.map(Option.scala:145) ~[scala-library.jar:na]
	at play.PlayReloader$$anon$1.play$PlayReloader$$anon$$taskFailureHandler(PlayReloader.scala:230) ~[na:na]
	at play.PlayReloader$$anon$1$$anonfun$reload$2.apply(PlayReloader.scala:90) ~[na:na]
	at play.PlayReloader$$anon$1$$anonfun$reload$2.apply(PlayReloader.scala:90) ~[na:na]
	at scala.util.Either$LeftProjection.map(Either.scala:377) ~[scala-library.jar:na]
	at play.PlayReloader$$anon$1.reload(PlayReloader.scala:90) ~[na:na]
	at play.core.ReloadableApplication$$anonfun$get$1.apply(ApplicationProvider.scala:122) ~[play_2.10-2.3.7.jar:2.3.7]
	at play.core.ReloadableApplication$$anonfun$get$1.apply(ApplicationProvider.scala:120) ~[play_2.10-2.3.7.jar:2.3.7]
	at scala.concurrent.impl.Future$PromiseCompletingRunnable.liftedTree1$1(Future.scala:24) ~[scala-library.jar:na]
	at scala.concurrent.impl.Future$PromiseCompletingRunnable.run(Future.scala:24) ~[scala-library.jar:na]
	at scala.concurrent.forkjoin.ForkJoinTask$AdaptedRunnableAction.exec(ForkJoinTask.java:1361) ~[scala-library.jar:na]
	at scala.concurrent.forkjoin.ForkJoinTask.doExec(ForkJoinTask.java:260) ~[scala-library.jar:na]
	at scala.concurrent.forkjoin.ForkJoinPool$WorkQueue.runTask(ForkJoinPool.java:1339) ~[scala-library.jar:na]
	at scala.concurrent.forkjoin.ForkJoinPool.runWorker(ForkJoinPool.java:1979) ~[scala-library.jar:na]
	at scala.concurrent.forkjoin.ForkJoinWorkerThread.run(ForkJoinWorkerThread.java:107) ~[scala-library.jar:na]

2015-12-16 16:33:24,835 - [ERROR] - from application in New I/O worker #1 


! @6oehkd184 - Internal server error, for (GET) [/] ->

play.PlayExceptions$CompilationException: Compilation error[No Json serializer found for type (String, String). Try to implement an implicit Writes or Format for this type.]
	at play.PlayExceptions$CompilationException$.apply(PlayExceptions.scala:27) ~[na:na]
	at play.PlayExceptions$CompilationException$.apply(PlayExceptions.scala:27) ~[na:na]
	at scala.Option.map(Option.scala:145) ~[scala-library.jar:na]
	at play.PlayReloader$$anon$1$$anonfun$play$PlayReloader$$anon$$taskFailureHandler$1.apply(PlayReloader.scala:235) ~[na:na]
	at play.PlayReloader$$anon$1$$anonfun$play$PlayReloader$$anon$$taskFailureHandler$1.apply(PlayReloader.scala:230) ~[na:na]
	at scala.Option.map(Option.scala:145) ~[scala-library.jar:na]
	at play.PlayReloader$$anon$1.play$PlayReloader$$anon$$taskFailureHandler(PlayReloader.scala:230) ~[na:na]
	at play.PlayReloader$$anon$1$$anonfun$reload$2.apply(PlayReloader.scala:90) ~[na:na]
	at play.PlayReloader$$anon$1$$anonfun$reload$2.apply(PlayReloader.scala:90) ~[na:na]
	at scala.util.Either$LeftProjection.map(Either.scala:377) ~[scala-library.jar:na]
	at play.PlayReloader$$anon$1.reload(PlayReloader.scala:90) ~[na:na]
	at play.core.ReloadableApplication$$anonfun$get$1.apply(ApplicationProvider.scala:122) ~[play_2.10-2.3.7.jar:2.3.7]
	at play.core.ReloadableApplication$$anonfun$get$1.apply(ApplicationProvider.scala:120) ~[play_2.10-2.3.7.jar:2.3.7]
	at scala.concurrent.impl.Future$PromiseCompletingRunnable.liftedTree1$1(Future.scala:24) ~[scala-library.jar:na]
	at scala.concurrent.impl.Future$PromiseCompletingRunnable.run(Future.scala:24) ~[scala-library.jar:na]
	at scala.concurrent.forkjoin.ForkJoinTask$AdaptedRunnableAction.exec(ForkJoinTask.java:1361) ~[scala-library.jar:na]
	at scala.concurrent.forkjoin.ForkJoinTask.doExec(ForkJoinTask.java:260) ~[scala-library.jar:na]
	at scala.concurrent.forkjoin.ForkJoinPool$WorkQueue.runTask(ForkJoinPool.java:1339) ~[scala-library.jar:na]
	at scala.concurrent.forkjoin.ForkJoinPool.runWorker(ForkJoinPool.java:1979) ~[scala-library.jar:na]
	at scala.concurrent.forkjoin.ForkJoinWorkerThread.run(ForkJoinWorkerThread.java:107) ~[scala-library.jar:na]

2015-12-16 16:34:28,945 - [ERROR] - from application in New I/O worker #1 


! @6oehkgi3p - Internal server error, for (GET) [/] ->

play.PlayExceptions$CompilationException: Compilation error[missing parameter type for expanded function
The argument types of an anonymous function must be fully known. (SLS 8.5)
Expected type was: Unit]
	at play.PlayExceptions$CompilationException$.apply(PlayExceptions.scala:27) ~[na:na]
	at play.PlayExceptions$CompilationException$.apply(PlayExceptions.scala:27) ~[na:na]
	at scala.Option.map(Option.scala:145) ~[scala-library.jar:na]
	at play.PlayReloader$$anon$1$$anonfun$play$PlayReloader$$anon$$taskFailureHandler$1.apply(PlayReloader.scala:235) ~[na:na]
	at play.PlayReloader$$anon$1$$anonfun$play$PlayReloader$$anon$$taskFailureHandler$1.apply(PlayReloader.scala:230) ~[na:na]
	at scala.Option.map(Option.scala:145) ~[scala-library.jar:na]
	at play.PlayReloader$$anon$1.play$PlayReloader$$anon$$taskFailureHandler(PlayReloader.scala:230) ~[na:na]
	at play.PlayReloader$$anon$1$$anonfun$reload$2.apply(PlayReloader.scala:90) ~[na:na]
	at play.PlayReloader$$anon$1$$anonfun$reload$2.apply(PlayReloader.scala:90) ~[na:na]
	at scala.util.Either$LeftProjection.map(Either.scala:377) ~[scala-library.jar:na]
	at play.PlayReloader$$anon$1.reload(PlayReloader.scala:90) ~[na:na]
	at play.core.ReloadableApplication$$anonfun$get$1.apply(ApplicationProvider.scala:122) ~[play_2.10-2.3.7.jar:2.3.7]
	at play.core.ReloadableApplication$$anonfun$get$1.apply(ApplicationProvider.scala:120) ~[play_2.10-2.3.7.jar:2.3.7]
	at scala.concurrent.impl.Future$PromiseCompletingRunnable.liftedTree1$1(Future.scala:24) ~[scala-library.jar:na]
	at scala.concurrent.impl.Future$PromiseCompletingRunnable.run(Future.scala:24) ~[scala-library.jar:na]
	at scala.concurrent.forkjoin.ForkJoinTask$AdaptedRunnableAction.exec(ForkJoinTask.java:1361) ~[scala-library.jar:na]
	at scala.concurrent.forkjoin.ForkJoinTask.doExec(ForkJoinTask.java:260) ~[scala-library.jar:na]
	at scala.concurrent.forkjoin.ForkJoinPool$WorkQueue.runTask(ForkJoinPool.java:1339) ~[scala-library.jar:na]
	at scala.concurrent.forkjoin.ForkJoinPool.runWorker(ForkJoinPool.java:1979) ~[scala-library.jar:na]
	at scala.concurrent.forkjoin.ForkJoinWorkerThread.run(ForkJoinWorkerThread.java:107) ~[scala-library.jar:na]

2015-12-16 16:36:31,081 - [ERROR] - from application in New I/O worker #1 


! @6oehknglc - Internal server error, for (GET) [/] ->

play.PlayExceptions$CompilationException: Compilation error[missing parameter type for expanded function
The argument types of an anonymous function must be fully known. (SLS 8.5)
Expected type was: ?]
	at play.PlayExceptions$CompilationException$.apply(PlayExceptions.scala:27) ~[na:na]
	at play.PlayExceptions$CompilationException$.apply(PlayExceptions.scala:27) ~[na:na]
	at scala.Option.map(Option.scala:145) ~[scala-library.jar:na]
	at play.PlayReloader$$anon$1$$anonfun$play$PlayReloader$$anon$$taskFailureHandler$1.apply(PlayReloader.scala:235) ~[na:na]
	at play.PlayReloader$$anon$1$$anonfun$play$PlayReloader$$anon$$taskFailureHandler$1.apply(PlayReloader.scala:230) ~[na:na]
	at scala.Option.map(Option.scala:145) ~[scala-library.jar:na]
	at play.PlayReloader$$anon$1.play$PlayReloader$$anon$$taskFailureHandler(PlayReloader.scala:230) ~[na:na]
	at play.PlayReloader$$anon$1$$anonfun$reload$2.apply(PlayReloader.scala:90) ~[na:na]
	at play.PlayReloader$$anon$1$$anonfun$reload$2.apply(PlayReloader.scala:90) ~[na:na]
	at scala.util.Either$LeftProjection.map(Either.scala:377) ~[scala-library.jar:na]
	at play.PlayReloader$$anon$1.reload(PlayReloader.scala:90) ~[na:na]
	at play.core.ReloadableApplication$$anonfun$get$1.apply(ApplicationProvider.scala:122) ~[play_2.10-2.3.7.jar:2.3.7]
	at play.core.ReloadableApplication$$anonfun$get$1.apply(ApplicationProvider.scala:120) ~[play_2.10-2.3.7.jar:2.3.7]
	at scala.concurrent.impl.Future$PromiseCompletingRunnable.liftedTree1$1(Future.scala:24) ~[scala-library.jar:na]
	at scala.concurrent.impl.Future$PromiseCompletingRunnable.run(Future.scala:24) ~[scala-library.jar:na]
	at scala.concurrent.forkjoin.ForkJoinTask$AdaptedRunnableAction.exec(ForkJoinTask.java:1361) ~[scala-library.jar:na]
	at scala.concurrent.forkjoin.ForkJoinTask.doExec(ForkJoinTask.java:260) ~[scala-library.jar:na]
	at scala.concurrent.forkjoin.ForkJoinPool$WorkQueue.runTask(ForkJoinPool.java:1339) ~[scala-library.jar:na]
	at scala.concurrent.forkjoin.ForkJoinPool.runWorker(ForkJoinPool.java:1979) ~[scala-library.jar:na]
	at scala.concurrent.forkjoin.ForkJoinWorkerThread.run(ForkJoinWorkerThread.java:107) ~[scala-library.jar:na]

2015-12-16 16:38:24,473 - [ERROR] - from application in New I/O worker #1 


! @6oehl42eg - Internal server error, for (GET) [/] ->

play.PlayExceptions$CompilationException: Compilation error[missing parameter type for expanded function
The argument types of an anonymous function must be fully known. (SLS 8.5)
Expected type was: Unit]
	at play.PlayExceptions$CompilationException$.apply(PlayExceptions.scala:27) ~[na:na]
	at play.PlayExceptions$CompilationException$.apply(PlayExceptions.scala:27) ~[na:na]
	at scala.Option.map(Option.scala:145) ~[scala-library.jar:na]
	at play.PlayReloader$$anon$1$$anonfun$play$PlayReloader$$anon$$taskFailureHandler$1.apply(PlayReloader.scala:235) ~[na:na]
	at play.PlayReloader$$anon$1$$anonfun$play$PlayReloader$$anon$$taskFailureHandler$1.apply(PlayReloader.scala:230) ~[na:na]
	at scala.Option.map(Option.scala:145) ~[scala-library.jar:na]
	at play.PlayReloader$$anon$1.play$PlayReloader$$anon$$taskFailureHandler(PlayReloader.scala:230) ~[na:na]
	at play.PlayReloader$$anon$1$$anonfun$reload$2.apply(PlayReloader.scala:90) ~[na:na]
	at play.PlayReloader$$anon$1$$anonfun$reload$2.apply(PlayReloader.scala:90) ~[na:na]
	at scala.util.Either$LeftProjection.map(Either.scala:377) ~[scala-library.jar:na]
	at play.PlayReloader$$anon$1.reload(PlayReloader.scala:90) ~[na:na]
	at play.core.ReloadableApplication$$anonfun$get$1.apply(ApplicationProvider.scala:122) ~[play_2.10-2.3.7.jar:2.3.7]
	at play.core.ReloadableApplication$$anonfun$get$1.apply(ApplicationProvider.scala:120) ~[play_2.10-2.3.7.jar:2.3.7]
	at scala.concurrent.impl.Future$PromiseCompletingRunnable.liftedTree1$1(Future.scala:24) ~[scala-library.jar:na]
	at scala.concurrent.impl.Future$PromiseCompletingRunnable.run(Future.scala:24) ~[scala-library.jar:na]
	at scala.concurrent.forkjoin.ForkJoinTask$AdaptedRunnableAction.exec(ForkJoinTask.java:1361) ~[scala-library.jar:na]
	at scala.concurrent.forkjoin.ForkJoinTask.doExec(ForkJoinTask.java:260) ~[scala-library.jar:na]
	at scala.concurrent.forkjoin.ForkJoinPool$WorkQueue.runTask(ForkJoinPool.java:1339) ~[scala-library.jar:na]
	at scala.concurrent.forkjoin.ForkJoinPool.runWorker(ForkJoinPool.java:1979) ~[scala-library.jar:na]
	at scala.concurrent.forkjoin.ForkJoinWorkerThread.run(ForkJoinWorkerThread.java:107) ~[scala-library.jar:na]

2015-12-16 16:39:29,210 - [ERROR] - from application in New I/O worker #1 


! @6oehl7k8g - Internal server error, for (GET) [/] ->

play.PlayExceptions$CompilationException: Compilation error[missing parameter type for expanded function
The argument types of an anonymous function must be fully known. (SLS 8.5)
Expected type was: Unit]
	at play.PlayExceptions$CompilationException$.apply(PlayExceptions.scala:27) ~[na:na]
	at play.PlayExceptions$CompilationException$.apply(PlayExceptions.scala:27) ~[na:na]
	at scala.Option.map(Option.scala:145) ~[scala-library.jar:na]
	at play.PlayReloader$$anon$1$$anonfun$play$PlayReloader$$anon$$taskFailureHandler$1.apply(PlayReloader.scala:235) ~[na:na]
	at play.PlayReloader$$anon$1$$anonfun$play$PlayReloader$$anon$$taskFailureHandler$1.apply(PlayReloader.scala:230) ~[na:na]
	at scala.Option.map(Option.scala:145) ~[scala-library.jar:na]
	at play.PlayReloader$$anon$1.play$PlayReloader$$anon$$taskFailureHandler(PlayReloader.scala:230) ~[na:na]
	at play.PlayReloader$$anon$1$$anonfun$reload$2.apply(PlayReloader.scala:90) ~[na:na]
	at play.PlayReloader$$anon$1$$anonfun$reload$2.apply(PlayReloader.scala:90) ~[na:na]
	at scala.util.Either$LeftProjection.map(Either.scala:377) ~[scala-library.jar:na]
	at play.PlayReloader$$anon$1.reload(PlayReloader.scala:90) ~[na:na]
	at play.core.ReloadableApplication$$anonfun$get$1.apply(ApplicationProvider.scala:122) ~[play_2.10-2.3.7.jar:2.3.7]
	at play.core.ReloadableApplication$$anonfun$get$1.apply(ApplicationProvider.scala:120) ~[play_2.10-2.3.7.jar:2.3.7]
	at scala.concurrent.impl.Future$PromiseCompletingRunnable.liftedTree1$1(Future.scala:24) ~[scala-library.jar:na]
	at scala.concurrent.impl.Future$PromiseCompletingRunnable.run(Future.scala:24) ~[scala-library.jar:na]
	at scala.concurrent.forkjoin.ForkJoinTask$AdaptedRunnableAction.exec(ForkJoinTask.java:1361) ~[scala-library.jar:na]
	at scala.concurrent.forkjoin.ForkJoinTask.doExec(ForkJoinTask.java:260) ~[scala-library.jar:na]
	at scala.concurrent.forkjoin.ForkJoinPool$WorkQueue.runTask(ForkJoinPool.java:1339) ~[scala-library.jar:na]
	at scala.concurrent.forkjoin.ForkJoinPool.runWorker(ForkJoinPool.java:1979) ~[scala-library.jar:na]
	at scala.concurrent.forkjoin.ForkJoinWorkerThread.run(ForkJoinWorkerThread.java:107) ~[scala-library.jar:na]

2015-12-16 16:39:35,008 - [ERROR] - from application in New I/O worker #1 


! @6oehl82nc - Internal server error, for (GET) [/] ->

play.PlayExceptions$CompilationException: Compilation error[missing parameter type for expanded function
The argument types of an anonymous function must be fully known. (SLS 8.5)
Expected type was: Unit]
	at play.PlayExceptions$CompilationException$.apply(PlayExceptions.scala:27) ~[na:na]
	at play.PlayExceptions$CompilationException$.apply(PlayExceptions.scala:27) ~[na:na]
	at scala.Option.map(Option.scala:145) ~[scala-library.jar:na]
	at play.PlayReloader$$anon$1$$anonfun$play$PlayReloader$$anon$$taskFailureHandler$1.apply(PlayReloader.scala:235) ~[na:na]
	at play.PlayReloader$$anon$1$$anonfun$play$PlayReloader$$anon$$taskFailureHandler$1.apply(PlayReloader.scala:230) ~[na:na]
	at scala.Option.map(Option.scala:145) ~[scala-library.jar:na]
	at play.PlayReloader$$anon$1.play$PlayReloader$$anon$$taskFailureHandler(PlayReloader.scala:230) ~[na:na]
	at play.PlayReloader$$anon$1$$anonfun$reload$2.apply(PlayReloader.scala:90) ~[na:na]
	at play.PlayReloader$$anon$1$$anonfun$reload$2.apply(PlayReloader.scala:90) ~[na:na]
	at scala.util.Either$LeftProjection.map(Either.scala:377) ~[scala-library.jar:na]
	at play.PlayReloader$$anon$1.reload(PlayReloader.scala:90) ~[na:na]
	at play.core.ReloadableApplication$$anonfun$get$1.apply(ApplicationProvider.scala:122) ~[play_2.10-2.3.7.jar:2.3.7]
	at play.core.ReloadableApplication$$anonfun$get$1.apply(ApplicationProvider.scala:120) ~[play_2.10-2.3.7.jar:2.3.7]
	at scala.concurrent.impl.Future$PromiseCompletingRunnable.liftedTree1$1(Future.scala:24) ~[scala-library.jar:na]
	at scala.concurrent.impl.Future$PromiseCompletingRunnable.run(Future.scala:24) ~[scala-library.jar:na]
	at scala.concurrent.forkjoin.ForkJoinTask$AdaptedRunnableAction.exec(ForkJoinTask.java:1361) ~[scala-library.jar:na]
	at scala.concurrent.forkjoin.ForkJoinTask.doExec(ForkJoinTask.java:260) ~[scala-library.jar:na]
	at scala.concurrent.forkjoin.ForkJoinPool$WorkQueue.runTask(ForkJoinPool.java:1339) ~[scala-library.jar:na]
	at scala.concurrent.forkjoin.ForkJoinPool.runWorker(ForkJoinPool.java:1979) ~[scala-library.jar:na]
	at scala.concurrent.forkjoin.ForkJoinWorkerThread.run(ForkJoinWorkerThread.java:107) ~[scala-library.jar:na]

2015-12-16 16:39:58,434 - [ERROR] - from application in New I/O worker #1 


! @6oehl9beh - Internal server error, for (GET) [/] ->

play.PlayExceptions$CompilationException: Compilation error[value add is not a member of object models.ShoppingCart]
	at play.PlayExceptions$CompilationException$.apply(PlayExceptions.scala:27) ~[na:na]
	at play.PlayExceptions$CompilationException$.apply(PlayExceptions.scala:27) ~[na:na]
	at scala.Option.map(Option.scala:145) ~[scala-library.jar:na]
	at play.PlayReloader$$anon$1$$anonfun$play$PlayReloader$$anon$$taskFailureHandler$1.apply(PlayReloader.scala:235) ~[na:na]
	at play.PlayReloader$$anon$1$$anonfun$play$PlayReloader$$anon$$taskFailureHandler$1.apply(PlayReloader.scala:230) ~[na:na]
	at scala.Option.map(Option.scala:145) ~[scala-library.jar:na]
	at play.PlayReloader$$anon$1.play$PlayReloader$$anon$$taskFailureHandler(PlayReloader.scala:230) ~[na:na]
	at play.PlayReloader$$anon$1$$anonfun$reload$2.apply(PlayReloader.scala:90) ~[na:na]
	at play.PlayReloader$$anon$1$$anonfun$reload$2.apply(PlayReloader.scala:90) ~[na:na]
	at scala.util.Either$LeftProjection.map(Either.scala:377) ~[scala-library.jar:na]
	at play.PlayReloader$$anon$1.reload(PlayReloader.scala:90) ~[na:na]
	at play.core.ReloadableApplication$$anonfun$get$1.apply(ApplicationProvider.scala:122) ~[play_2.10-2.3.7.jar:2.3.7]
	at play.core.ReloadableApplication$$anonfun$get$1.apply(ApplicationProvider.scala:120) ~[play_2.10-2.3.7.jar:2.3.7]
	at scala.concurrent.impl.Future$PromiseCompletingRunnable.liftedTree1$1(Future.scala:24) ~[scala-library.jar:na]
	at scala.concurrent.impl.Future$PromiseCompletingRunnable.run(Future.scala:24) ~[scala-library.jar:na]
	at scala.concurrent.forkjoin.ForkJoinTask$AdaptedRunnableAction.exec(ForkJoinTask.java:1361) ~[scala-library.jar:na]
	at scala.concurrent.forkjoin.ForkJoinTask.doExec(ForkJoinTask.java:260) ~[scala-library.jar:na]
	at scala.concurrent.forkjoin.ForkJoinPool$WorkQueue.runTask(ForkJoinPool.java:1339) ~[scala-library.jar:na]
	at scala.concurrent.forkjoin.ForkJoinPool.runWorker(ForkJoinPool.java:1979) ~[scala-library.jar:na]
	at scala.concurrent.forkjoin.ForkJoinWorkerThread.run(ForkJoinWorkerThread.java:107) ~[scala-library.jar:na]

2015-12-16 16:40:22,582 - [ERROR] - from application in New I/O worker #1 


! @6oehlal7b - Internal server error, for (GET) [/] ->

play.PlayExceptions$CompilationException: Compilation error[missing parameter type for expanded function
The argument types of an anonymous function must be fully known. (SLS 8.5)
Expected type was: Unit]
	at play.PlayExceptions$CompilationException$.apply(PlayExceptions.scala:27) ~[na:na]
	at play.PlayExceptions$CompilationException$.apply(PlayExceptions.scala:27) ~[na:na]
	at scala.Option.map(Option.scala:145) ~[scala-library.jar:na]
	at play.PlayReloader$$anon$1$$anonfun$play$PlayReloader$$anon$$taskFailureHandler$1.apply(PlayReloader.scala:235) ~[na:na]
	at play.PlayReloader$$anon$1$$anonfun$play$PlayReloader$$anon$$taskFailureHandler$1.apply(PlayReloader.scala:230) ~[na:na]
	at scala.Option.map(Option.scala:145) ~[scala-library.jar:na]
	at play.PlayReloader$$anon$1.play$PlayReloader$$anon$$taskFailureHandler(PlayReloader.scala:230) ~[na:na]
	at play.PlayReloader$$anon$1$$anonfun$reload$2.apply(PlayReloader.scala:90) ~[na:na]
	at play.PlayReloader$$anon$1$$anonfun$reload$2.apply(PlayReloader.scala:90) ~[na:na]
	at scala.util.Either$LeftProjection.map(Either.scala:377) ~[scala-library.jar:na]
	at play.PlayReloader$$anon$1.reload(PlayReloader.scala:90) ~[na:na]
	at play.core.ReloadableApplication$$anonfun$get$1.apply(ApplicationProvider.scala:122) ~[play_2.10-2.3.7.jar:2.3.7]
	at play.core.ReloadableApplication$$anonfun$get$1.apply(ApplicationProvider.scala:120) ~[play_2.10-2.3.7.jar:2.3.7]
	at scala.concurrent.impl.Future$PromiseCompletingRunnable.liftedTree1$1(Future.scala:24) ~[scala-library.jar:na]
	at scala.concurrent.impl.Future$PromiseCompletingRunnable.run(Future.scala:24) ~[scala-library.jar:na]
	at scala.concurrent.forkjoin.ForkJoinTask$AdaptedRunnableAction.exec(ForkJoinTask.java:1361) ~[scala-library.jar:na]
	at scala.concurrent.forkjoin.ForkJoinTask.doExec(ForkJoinTask.java:260) ~[scala-library.jar:na]
	at scala.concurrent.forkjoin.ForkJoinPool$WorkQueue.runTask(ForkJoinPool.java:1339) ~[scala-library.jar:na]
	at scala.concurrent.forkjoin.ForkJoinPool.runWorker(ForkJoinPool.java:1979) ~[scala-library.jar:na]
	at scala.concurrent.forkjoin.ForkJoinWorkerThread.run(ForkJoinWorkerThread.java:107) ~[scala-library.jar:na]

2015-12-16 16:41:00,527 - [INFO] - from play in play-internal-execution-context-1 
Application started (Dev)

2015-12-16 16:41:33,109 - [ERROR] - from application in New I/O worker #1 


! @6oehlelfp - Internal server error, for (GET) [/] ->

play.PlayExceptions$CompilationException: Compilation error[missing parameter type for expanded function
The argument types of an anonymous function must be fully known. (SLS 8.5)
Expected type was: Unit]
	at play.PlayExceptions$CompilationException$.apply(PlayExceptions.scala:27) ~[na:na]
	at play.PlayExceptions$CompilationException$.apply(PlayExceptions.scala:27) ~[na:na]
	at scala.Option.map(Option.scala:145) ~[scala-library.jar:na]
	at play.PlayReloader$$anon$1$$anonfun$play$PlayReloader$$anon$$taskFailureHandler$1.apply(PlayReloader.scala:235) ~[na:na]
	at play.PlayReloader$$anon$1$$anonfun$play$PlayReloader$$anon$$taskFailureHandler$1.apply(PlayReloader.scala:230) ~[na:na]
	at scala.Option.map(Option.scala:145) ~[scala-library.jar:na]
	at play.PlayReloader$$anon$1.play$PlayReloader$$anon$$taskFailureHandler(PlayReloader.scala:230) ~[na:na]
	at play.PlayReloader$$anon$1$$anonfun$reload$2.apply(PlayReloader.scala:90) ~[na:na]
	at play.PlayReloader$$anon$1$$anonfun$reload$2.apply(PlayReloader.scala:90) ~[na:na]
	at scala.util.Either$LeftProjection.map(Either.scala:377) ~[scala-library.jar:na]
	at play.PlayReloader$$anon$1.reload(PlayReloader.scala:90) ~[na:na]
	at play.core.ReloadableApplication$$anonfun$get$1.apply(ApplicationProvider.scala:122) ~[play_2.10-2.3.7.jar:2.3.7]
	at play.core.ReloadableApplication$$anonfun$get$1.apply(ApplicationProvider.scala:120) ~[play_2.10-2.3.7.jar:2.3.7]
	at scala.concurrent.impl.Future$PromiseCompletingRunnable.liftedTree1$1(Future.scala:24) ~[scala-library.jar:na]
	at scala.concurrent.impl.Future$PromiseCompletingRunnable.run(Future.scala:24) ~[scala-library.jar:na]
	at scala.concurrent.forkjoin.ForkJoinTask$AdaptedRunnableAction.exec(ForkJoinTask.java:1361) ~[scala-library.jar:na]
	at scala.concurrent.forkjoin.ForkJoinTask.doExec(ForkJoinTask.java:260) ~[scala-library.jar:na]
	at scala.concurrent.forkjoin.ForkJoinPool$WorkQueue.runTask(ForkJoinPool.java:1339) ~[scala-library.jar:na]
	at scala.concurrent.forkjoin.ForkJoinPool.runWorker(ForkJoinPool.java:1979) ~[scala-library.jar:na]
	at scala.concurrent.forkjoin.ForkJoinWorkerThread.run(ForkJoinWorkerThread.java:107) ~[scala-library.jar:na]

2015-12-16 16:42:50,268 - [INFO] - from play in play-internal-execution-context-1 
Application started (Dev)

